

Processing SayController#hello (for 127.0.0.1 at 2010-01-06 22:38:20) [GET]

ActionController::UnknownAction (No action responded to hello. Actions: ):
  

Rendering rescues/layout (not_found)


Processing SayController#hello (for 127.0.0.1 at 2010-01-06 22:38:47) [GET]

ActionView::MissingTemplate (Missing template say/hello.erb in view path app/views):
  

Rendering rescues/layout (internal_server_error)


Processing SayController#hello (for 127.0.0.1 at 2010-01-06 22:45:39) [GET]
Rendering say/hello
Completed in 11ms (View: 9, DB: 0) | 200 OK [http://localhost/say/hello]


Processing SayController#hello (for 127.0.0.1 at 2010-01-06 22:53:08) [GET]
Rendering say/hello
ERROR: compiling _run_rhtml_app47views47say47hello46rhtml RAISED compile error
/Users/olivier/Sites/projet_perso/test_env/app/views/say/hello.rhtml:6: syntax error, unexpected '>'
...o ' seconde page ', :action -> "goodbye" ).to_s); @output_bu...
                              ^
Function body:           def _run_rhtml_app47views47say47hello46rhtml(local_assigns)
            old_output_buffer = output_buffer;;@output_buffer = '';  __in_erb_template=true ; @output_buffer.concat "<div>\t\n\t<span>\n\t\ttest d'affichage\n\t</span>\n\t<span>\n\t\t"




; @output_buffer.concat(( link_to ' seconde page ', :action -> "goodbye" ).to_s); @output_buffer.concat "\n\t</span>\n</div>"

; @output_buffer
          ensure
            self.output_buffer = old_output_buffer
          end
Backtrace: /Users/olivier/Sites/projet_perso/test_env/app/views/say/hello.rhtml:11:in `compile!'
/Users/olivier/.gem/ruby/1.8/gems/actionpack-2.3.5/lib/action_view/renderable.rb:61:in `compile'
/Users/olivier/.gem/ruby/1.8/gems/actionpack-2.3.5/lib/action_view/renderable.rb:28:in `render'
/Users/olivier/.gem/ruby/1.8/gems/actionpack-2.3.5/lib/action_view/template.rb:205:in `render_template'
/Users/olivier/.gem/ruby/1.8/gems/actionpack-2.3.5/lib/action_view/base.rb:265:in `render'
/Users/olivier/.gem/ruby/1.8/gems/actionpack-2.3.5/lib/action_controller/base.rb:1250:in `render_for_file'
/Users/olivier/.gem/ruby/1.8/gems/actionpack-2.3.5/lib/action_controller/base.rb:945:in `render_without_benchmark'
/Users/olivier/.gem/ruby/1.8/gems/actionpack-2.3.5/lib/action_controller/benchmarking.rb:51:in `render'
/Users/olivier/.gem/ruby/1.8/gems/activesupport-2.3.5/lib/active_support/core_ext/benchmark.rb:17:in `ms'
/System/Library/Frameworks/Ruby.framework/Versions/1.8/usr/lib/ruby/1.8/benchmark.rb:308:in `realtime'
/Users/olivier/.gem/ruby/1.8/gems/activesupport-2.3.5/lib/active_support/core_ext/benchmark.rb:17:in `ms'
/Users/olivier/.gem/ruby/1.8/gems/actionpack-2.3.5/lib/action_controller/benchmarking.rb:51:in `render'
/Users/olivier/.gem/ruby/1.8/gems/actionpack-2.3.5/lib/action_controller/base.rb:1326:in `default_render'
/Users/olivier/.gem/ruby/1.8/gems/actionpack-2.3.5/lib/action_controller/base.rb:1332:in `perform_action_without_filters'
/Users/olivier/.gem/ruby/1.8/gems/actionpack-2.3.5/lib/action_controller/filters.rb:617:in `call_filters'
/Users/olivier/.gem/ruby/1.8/gems/actionpack-2.3.5/lib/action_controller/filters.rb:610:in `perform_action_without_benchmark'
/Users/olivier/.gem/ruby/1.8/gems/actionpack-2.3.5/lib/action_controller/benchmarking.rb:68:in `perform_action_without_rescue'
/Users/olivier/.gem/ruby/1.8/gems/activesupport-2.3.5/lib/active_support/core_ext/benchmark.rb:17:in `ms'
/System/Library/Frameworks/Ruby.framework/Versions/1.8/usr/lib/ruby/1.8/benchmark.rb:308:in `realtime'
/Users/olivier/.gem/ruby/1.8/gems/activesupport-2.3.5/lib/active_support/core_ext/benchmark.rb:17:in `ms'
/Users/olivier/.gem/ruby/1.8/gems/actionpack-2.3.5/lib/action_controller/benchmarking.rb:68:in `perform_action_without_rescue'
/Users/olivier/.gem/ruby/1.8/gems/actionpack-2.3.5/lib/action_controller/rescue.rb:160:in `perform_action_without_flash'
/Users/olivier/.gem/ruby/1.8/gems/actionpack-2.3.5/lib/action_controller/flash.rb:146:in `perform_action'
/Users/olivier/.gem/ruby/1.8/gems/actionpack-2.3.5/lib/action_controller/base.rb:532:in `send'
/Users/olivier/.gem/ruby/1.8/gems/actionpack-2.3.5/lib/action_controller/base.rb:532:in `process_without_filters'
/Users/olivier/.gem/ruby/1.8/gems/actionpack-2.3.5/lib/action_controller/filters.rb:606:in `process'
/Users/olivier/.gem/ruby/1.8/gems/actionpack-2.3.5/lib/action_controller/base.rb:391:in `process'
/Users/olivier/.gem/ruby/1.8/gems/actionpack-2.3.5/lib/action_controller/base.rb:386:in `call'
/Users/olivier/.gem/ruby/1.8/gems/actionpack-2.3.5/lib/action_controller/routing/route_set.rb:437:in `call'
/Users/olivier/.gem/ruby/1.8/gems/actionpack-2.3.5/lib/action_controller/dispatcher.rb:87:in `dispatch'
/Users/olivier/.gem/ruby/1.8/gems/actionpack-2.3.5/lib/action_controller/dispatcher.rb:121:in `_call'
/Users/olivier/.gem/ruby/1.8/gems/actionpack-2.3.5/lib/action_controller/dispatcher.rb:130:in `build_middleware_stack'
/Users/olivier/.gem/ruby/1.8/gems/activerecord-2.3.5/lib/active_record/query_cache.rb:29:in `call'
/Users/olivier/.gem/ruby/1.8/gems/activerecord-2.3.5/lib/active_record/query_cache.rb:29:in `call'
/Users/olivier/.gem/ruby/1.8/gems/activerecord-2.3.5/lib/active_record/connection_adapters/abstract/query_cache.rb:34:in `cache'
/Users/olivier/.gem/ruby/1.8/gems/activerecord-2.3.5/lib/active_record/query_cache.rb:9:in `cache'
/Users/olivier/.gem/ruby/1.8/gems/activerecord-2.3.5/lib/active_record/query_cache.rb:28:in `call'
/Users/olivier/.gem/ruby/1.8/gems/activerecord-2.3.5/lib/active_record/connection_adapters/abstract/connection_pool.rb:361:in `call'
/Users/olivier/.gem/ruby/1.8/gems/actionpack-2.3.5/lib/action_controller/string_coercion.rb:25:in `call'
/Users/olivier/.gem/ruby/1.8/gems/rack-1.0.1/lib/rack/head.rb:9:in `call'
/Users/olivier/.gem/ruby/1.8/gems/rack-1.0.1/lib/rack/methodoverride.rb:24:in `call'
/Users/olivier/.gem/ruby/1.8/gems/actionpack-2.3.5/lib/action_controller/params_parser.rb:15:in `call'
/Users/olivier/.gem/ruby/1.8/gems/actionpack-2.3.5/lib/action_controller/session/cookie_store.rb:93:in `call'
/Users/olivier/.gem/ruby/1.8/gems/actionpack-2.3.5/lib/action_controller/failsafe.rb:26:in `call'
/Users/olivier/.gem/ruby/1.8/gems/rack-1.0.1/lib/rack/lock.rb:11:in `call'
/Users/olivier/.gem/ruby/1.8/gems/rack-1.0.1/lib/rack/lock.rb:11:in `synchronize'
/Users/olivier/.gem/ruby/1.8/gems/rack-1.0.1/lib/rack/lock.rb:11:in `call'
/Users/olivier/.gem/ruby/1.8/gems/actionpack-2.3.5/lib/action_controller/dispatcher.rb:114:in `call'
/Users/olivier/.gem/ruby/1.8/gems/actionpack-2.3.5/lib/action_controller/reloader.rb:34:in `run'
/Users/olivier/.gem/ruby/1.8/gems/actionpack-2.3.5/lib/action_controller/dispatcher.rb:108:in `call'
/Users/olivier/.gem/ruby/1.8/gems/rails-2.3.5/lib/rails/rack/static.rb:31:in `call'
/Users/olivier/.gem/ruby/1.8/gems/rack-1.0.1/lib/rack/urlmap.rb:46:in `call'
/Users/olivier/.gem/ruby/1.8/gems/rack-1.0.1/lib/rack/urlmap.rb:40:in `each'
/Users/olivier/.gem/ruby/1.8/gems/rack-1.0.1/lib/rack/urlmap.rb:40:in `call'
/Users/olivier/.gem/ruby/1.8/gems/rails-2.3.5/lib/rails/rack/log_tailer.rb:17:in `call'
/Users/olivier/.gem/ruby/1.8/gems/rack-1.0.1/lib/rack/content_length.rb:13:in `call'
/Users/olivier/.gem/ruby/1.8/gems/rack-1.0.1/lib/rack/chunked.rb:15:in `call'
/Users/olivier/.gem/ruby/1.8/gems/rack-1.0.1/lib/rack/handler/mongrel.rb:64:in `process'
/System/Library/Frameworks/Ruby.framework/Versions/1.8/usr/lib/ruby/gems/1.8/gems/mongrel-1.1.5/lib/mongrel.rb:159:in `process_client'
/System/Library/Frameworks/Ruby.framework/Versions/1.8/usr/lib/ruby/gems/1.8/gems/mongrel-1.1.5/lib/mongrel.rb:158:in `each'
/System/Library/Frameworks/Ruby.framework/Versions/1.8/usr/lib/ruby/gems/1.8/gems/mongrel-1.1.5/lib/mongrel.rb:158:in `process_client'
/System/Library/Frameworks/Ruby.framework/Versions/1.8/usr/lib/ruby/gems/1.8/gems/mongrel-1.1.5/lib/mongrel.rb:285:in `run'
/System/Library/Frameworks/Ruby.framework/Versions/1.8/usr/lib/ruby/gems/1.8/gems/mongrel-1.1.5/lib/mongrel.rb:285:in `initialize'
/System/Library/Frameworks/Ruby.framework/Versions/1.8/usr/lib/ruby/gems/1.8/gems/mongrel-1.1.5/lib/mongrel.rb:285:in `new'
/System/Library/Frameworks/Ruby.framework/Versions/1.8/usr/lib/ruby/gems/1.8/gems/mongrel-1.1.5/lib/mongrel.rb:285:in `run'
/System/Library/Frameworks/Ruby.framework/Versions/1.8/usr/lib/ruby/gems/1.8/gems/mongrel-1.1.5/lib/mongrel.rb:268:in `initialize'
/System/Library/Frameworks/Ruby.framework/Versions/1.8/usr/lib/ruby/gems/1.8/gems/mongrel-1.1.5/lib/mongrel.rb:268:in `new'
/System/Library/Frameworks/Ruby.framework/Versions/1.8/usr/lib/ruby/gems/1.8/gems/mongrel-1.1.5/lib/mongrel.rb:268:in `run'
/Users/olivier/.gem/ruby/1.8/gems/rack-1.0.1/lib/rack/handler/mongrel.rb:34:in `run'
/Users/olivier/.gem/ruby/1.8/gems/rails-2.3.5/lib/commands/server.rb:111
/Library/Ruby/Site/1.8/rubygems/custom_require.rb:31:in `gem_original_require'
/Library/Ruby/Site/1.8/rubygems/custom_require.rb:31:in `require'
script/server:3

ActionView::TemplateError (compile error
/Users/olivier/Sites/projet_perso/test_env/app/views/say/hello.rhtml:6: syntax error, unexpected '>'
...o ' seconde page ', :action -> "goodbye" ).to_s); @output_bu...
                              ^) on line #6 of app/views/say/hello.rhtml:
3: 		test d'affichage
4: 	</span>
5: 	<span>
6: 		<%= link_to ' seconde page ', :action -> "goodbye" %>
7: 	</span>
8: </div>

    app/views/say/hello.rhtml:11:in `compile!'

Rendered rescues/_trace (44.3ms)
Rendered rescues/_request_and_response (1.3ms)
Rendering rescues/layout (internal_server_error)


Processing SayController#hello (for 127.0.0.1 at 2010-01-06 22:54:07) [GET]
Rendering say/hello
Completed in 44ms (View: 43, DB: 0) | 200 OK [http://localhost/say/hello]


Processing SayController#goodbye (for 127.0.0.1 at 2010-01-06 22:54:09) [GET]
Rendering say/goodbye
Completed in 14ms (View: 13, DB: 0) | 200 OK [http://localhost/say/goodbye]


Processing SayController#hello (for 127.0.0.1 at 2010-01-06 22:54:12) [GET]
Rendering say/hello
Completed in 2ms (View: 1, DB: 0) | 200 OK [http://localhost/say/hello]
